<?xml version="1.0" encoding="UTF-8"?>
<!-- Generated by org.testng.reporters.JUnitReportReporter -->
<testsuite hostname="LAPTOP-E5USAVKI" failures="0" tests="1" name="TestNGBatchExecution1.TC_03" time="7.091" errors="0" timestamp="2023-09-24T14:23:44 IST" skipped="0">
  <testcase classname="TestNGBatchExecution1.TC_03" name="batchexecute" time="7.091"/>
  <system-out/>
</testsuite> <!-- TestNGBatchExecution1.TC_03 -->
