<?xml version="1.0" encoding="UTF-8"?>
<!-- Generated by org.testng.reporters.JUnitReportReporter -->
<testsuite hostname="LAPTOP-E5USAVKI" failures="0" tests="1" name="Assertion.AssertEqual" time="0.016" errors="0" timestamp="2023-09-15T14:40:04 IST" skipped="0">
  <testcase classname="Assertion.AssertEqual" name="HardAssert" time="0.016"/>
  <system-out/>
</testsuite> <!-- Assertion.AssertEqual -->
