<?xml version="1.0" encoding="UTF-8"?>
<!-- Generated by org.testng.reporters.JUnitReportReporter -->
<testsuite hostname="LAPTOP-E5USAVKI" failures="0" tests="1" name="TestNGBatchExecution.TC_04" time="114.479" errors="0" timestamp="2023-10-12T23:21:36 IST" skipped="0">
  <testcase classname="TestNGBatchExecution.TC_04" name="batchexecute" time="114.479"/>
  <system-out/>
</testsuite> <!-- TestNGBatchExecution.TC_04 -->
