<?xml version="1.0" encoding="UTF-8"?>
<!-- Generated by org.testng.reporters.JUnitReportReporter -->
<testsuite hostname="LAPTOP-E5USAVKI" failures="0" tests="3" name="TestNgprogram.TPSInvocation" time="27.706" errors="0" timestamp="2023-09-24T14:49:57 IST" skipped="0">
  <testcase classname="TestNgprogram.TPSInvocation" name="login" time="9.261"/>
  <system-out/>
  <testcase classname="TestNgprogram.TPSInvocation" name="login" time="9.201"/>
  <system-out/>
  <testcase classname="TestNgprogram.TPSInvocation" name="login" time="9.244"/>
  <system-out/>
</testsuite> <!-- TestNgprogram.TPSInvocation -->
