<?xml version="1.0" encoding="UTF-8"?>
<!-- Generated by org.testng.reporters.JUnitReportReporter -->
<testsuite hostname="LAPTOP-E5USAVKI" failures="0" tests="1" name="ItestListner.DemoListner" time="0.013" errors="0" timestamp="2023-10-08T12:30:27 IST" skipped="0">
  <testcase classname="ItestListner.DemoListner" name="TestCase" time="0.013"/>
  <system-out/>
</testsuite> <!-- ItestListner.DemoListner -->
