<?xml version="1.0" encoding="UTF-8"?>
<!-- Generated by org.testng.reporters.JUnitReportReporter -->
<testsuite hostname="LAPTOP-E5USAVKI" failures="0" tests="3" name="TestNgprogram.TestNg1" time="0.009" errors="0" timestamp="2023-09-24T14:47:38 IST" skipped="0">
  <testcase classname="TestNgprogram.TestNg1" name="logout" time="0.006"/>
  <system-out/>
  <testcase classname="TestNgprogram.TestNg1" name="login" time="0.002"/>
  <system-out/>
  <testcase classname="TestNgprogram.TestNg1" name="homepage" time="0.001"/>
  <system-out/>
</testsuite> <!-- TestNgprogram.TestNg1 -->
