<?xml version="1.0" encoding="UTF-8"?>
<!-- Generated by org.testng.reporters.JUnitReportReporter -->
<testsuite hostname="LAPTOP-E5USAVKI" failures="0" tests="2" name="Advanceselenium.Dataproviderdemo" time="0.014" errors="0" timestamp="2023-10-13T11:26:49 IST" skipped="0">
  <testcase classname="Advanceselenium.Dataproviderdemo" name="testcase" time="0.012"/>
  <system-out/>
  <testcase classname="Advanceselenium.Dataproviderdemo" name="testcase" time="0.002"/>
  <system-out/>
</testsuite> <!-- Advanceselenium.Dataproviderdemo -->
