<?xml version="1.0" encoding="UTF-8"?>
<!-- Generated by org.testng.reporters.JUnitReportReporter -->
<testsuite hostname="LAPTOP-E5USAVKI" failures="0" tests="1" name="TestNGBatchExecution.TC_03" time="43.261" errors="0" timestamp="2023-10-12T23:21:36 IST" skipped="0">
  <testcase classname="TestNGBatchExecution.TC_03" name="batchexecute" time="43.261"/>
  <system-out/>
</testsuite> <!-- TestNGBatchExecution.TC_03 -->
