<?xml version="1.0" encoding="UTF-8"?>
<!-- Generated by org.testng.reporters.JUnitReportReporter -->
<testsuite hostname="LAPTOP-E5USAVKI" failures="0" tests="2" name="TestNGBatchExecution.CrossBrowser" time="14.789" errors="0" timestamp="2023-09-24T16:04:03 IST" skipped="0">
  <testcase classname="TestNGBatchExecution.CrossBrowser" name="crossbrowser" time="6.435"/>
  <system-out/>
  <testcase classname="TestNGBatchExecution.CrossBrowser" name="crossbrowser" time="8.354"/>
  <system-out/>
</testsuite> <!-- TestNGBatchExecution.CrossBrowser -->
