<?xml version="1.0" encoding="UTF-8"?>
<!-- Generated by org.testng.reporters.JUnitReportReporter -->
<testsuite hostname="LAPTOP-E5USAVKI" failures="0" tests="1" name="Assertion.demowebshop" time="7.806" errors="0" timestamp="2023-09-15T14:45:06 IST" skipped="0">
  <testcase classname="Assertion.demowebshop" name="demowebshops" time="7.806"/>
  <system-out/>
</testsuite> <!-- Assertion.demowebshop -->
