<?xml version="1.0" encoding="UTF-8"?>
<!-- Generated by org.testng.reporters.JUnitReportReporter -->
<testsuite hostname="LAPTOP-E5USAVKI" failures="0" tests="3" name="TestNgprogram.EnableMethod" time="0.007" errors="0" timestamp="2023-09-24T14:46:27 IST" skipped="1">
  <testcase classname="TestNgprogram.EnableMethod" name="login" time="0.001"/>
  <system-out/>
  <testcase classname="TestNgprogram.EnableMethod" name="homepage" time="0.006"/>
  <system-out/>
  <testcase classname="TestNgprogram.EnableMethod" name="logout">
    <skipped/>
  </testcase> <!-- logout -->
  <system-out/>
</testsuite> <!-- TestNgprogram.EnableMethod -->
