<?xml version="1.0" encoding="UTF-8"?>
<!-- Generated by org.testng.reporters.JUnitReportReporter -->
<testsuite hostname="LAPTOP-E5USAVKI" failures="0" tests="1" name="Assertion.SoftAssertion" time="5.691" errors="0" timestamp="2023-09-16T10:37:28 IST" skipped="0">
  <testcase classname="Assertion.SoftAssertion" name="demowebshops" time="5.691"/>
  <system-out/>
</testsuite> <!-- Assertion.SoftAssertion -->
