<?xml version="1.0" encoding="UTF-8"?>
<!-- Generated by org.testng.reporters.JUnitReportReporter -->
<testsuite hostname="LAPTOP-E5USAVKI" failures="0" tests="2" name="DataProvider.DataReadmethod3" time="36.591" errors="0" timestamp="2023-10-13T12:11:54 IST" skipped="0">
  <testcase classname="DataProvider.DataReadmethod3" name="Orange" time="20.531"/>
  <system-out/>
  <testcase classname="DataProvider.DataReadmethod3" name="Orange" time="16.060"/>
  <system-out/>
</testsuite> <!-- DataProvider.DataReadmethod3 -->
