<?xml version="1.0" encoding="UTF-8"?>
<!-- Generated by org.testng.reporters.JUnitReportReporter -->
<testsuite hostname="LAPTOP-E5USAVKI" failures="0" tests="1" name="GroupTestNG.TC_01" time="4.531" errors="0" timestamp="2023-09-24T14:39:05 IST" skipped="0">
  <testcase classname="GroupTestNG.TC_01" name="batchexecute" time="4.531"/>
  <system-out/>
</testsuite> <!-- GroupTestNG.TC_01 -->
