<?xml version="1.0" encoding="UTF-8"?>
<!-- Generated by org.testng.reporters.JUnitReportReporter -->
<testsuite hostname="LAPTOP-E5USAVKI" failures="0" tests="3" name="TestNgprogram.DependsonmethodsandPriority" time="0.013" errors="0" timestamp="2023-09-10T14:51:26 IST" skipped="0">
  <testcase classname="TestNgprogram.DependsonmethodsandPriority" name="logout" time="0.001"/>
  <system-out/>
  <testcase classname="TestNgprogram.DependsonmethodsandPriority" name="login" time="0.011"/>
  <system-out/>
  <testcase classname="TestNgprogram.DependsonmethodsandPriority" name="homepage" time="0.001"/>
  <system-out/>
</testsuite> <!-- TestNgprogram.DependsonmethodsandPriority -->
