<?xml version="1.0" encoding="UTF-8"?>
<!-- Generated by org.testng.reporters.JUnitReportReporter -->
<testsuite hostname="LAPTOP-E5USAVKI" failures="0" tests="1" name="TestNgprogram.ReportsTestNG" time="7.482" errors="0" timestamp="2023-09-24T14:42:20 IST" skipped="0">
  <testcase classname="TestNgprogram.ReportsTestNG" name="NavigateAmazon" time="7.482"/>
  <system-out>
    <![CDATA[browser launched
browser is maximized
browser navigate to Amazon
browser is closed]]>
  </system-out>
</testsuite> <!-- TestNgprogram.ReportsTestNG -->
