<?xml version="1.0" encoding="UTF-8"?>
<!-- Generated by org.testng.reporters.JUnitReportReporter -->
<testsuite hostname="LAPTOP-E5USAVKI" failures="0" tests="2" name="TestNgprogram.ConfigurationAnnotation" time="0.005" errors="0" timestamp="2023-09-24T14:43:12 IST" skipped="0">
  <testcase classname="TestNgprogram.ConfigurationAnnotation" name="Testcase2" time="0.001"/>
  <system-out/>
  <testcase classname="TestNgprogram.ConfigurationAnnotation" name="Testcase1" time="0.004"/>
  <system-out/>
</testsuite> <!-- TestNgprogram.ConfigurationAnnotation -->
