<?xml version="1.0" encoding="UTF-8"?>
<!-- Generated by org.testng.reporters.JUnitReportReporter -->
<testsuite hostname="LAPTOP-E5USAVKI" failures="0" tests="2" name="Advanceselenium.Twodataprovider" time="0.016" errors="0" timestamp="2023-10-13T11:43:11 IST" skipped="0">
  <testcase classname="Advanceselenium.Twodataprovider" name="testscripts" time="0.002"/>
  <system-out/>
  <testcase classname="Advanceselenium.Twodataprovider" name="testscripts" time="0.014"/>
  <system-out/>
</testsuite> <!-- Advanceselenium.Twodataprovider -->
