<?xml version="1.0" encoding="UTF-8"?>
<!-- Generated by org.testng.reporters.JUnitReportReporter -->
<testsuite hostname="LAPTOP-E5USAVKI" failures="0" tests="1" name="ConfigurationAnnotation.TesTScript2" time="0.002" errors="0" timestamp="2023-10-08T12:39:19 IST" skipped="0">
  <testcase classname="ConfigurationAnnotation.TesTScript2" name="Testcase2" time="0.002"/>
  <system-out/>
</testsuite> <!-- ConfigurationAnnotation.TesTScript2 -->
