<?xml version="1.0" encoding="UTF-8"?>
<!-- Generated by org.testng.reporters.JUnitReportReporter -->
<testsuite hostname="LAPTOP-E5USAVKI" failures="0" tests="1" name="TestNGBatchExecution1.TC_02" time="5.000" errors="0" timestamp="2023-09-24T14:23:44 IST" skipped="0">
  <testcase classname="TestNGBatchExecution1.TC_02" name="batchexecute" time="5.000"/>
  <system-out/>
</testsuite> <!-- TestNGBatchExecution1.TC_02 -->
