<?xml version="1.0" encoding="UTF-8"?>
<!-- Generated by org.testng.reporters.JUnitReportReporter -->
<testsuite hostname="LAPTOP-E5USAVKI" failures="0" tests="2" name="TestNgprogram.demo" time="0.008" errors="0" timestamp="2023-09-24T14:43:35 IST" skipped="0">
  <testcase classname="TestNgprogram.demo" name="name" time="0.007"/>
  <system-out/>
  <testcase classname="TestNgprogram.demo" name="name1" time="0.001"/>
  <system-out/>
</testsuite> <!-- TestNgprogram.demo -->
