<?xml version="1.0" encoding="UTF-8"?>
<!-- Generated by org.testng.reporters.JUnitReportReporter -->
<testsuite hostname="LAPTOP-E5USAVKI" failures="0" tests="1" name="ItestListner.Demolistner1" time="0.013" errors="0" timestamp="2023-10-08T12:37:30 IST" skipped="0">
  <testcase classname="ItestListner.Demolistner1" name="name" time="0.013"/>
  <system-out/>
</testsuite> <!-- ItestListner.Demolistner1 -->
