<?xml version="1.0" encoding="UTF-8"?>
<!-- Generated by org.testng.reporters.JUnitReportReporter -->
<testsuite hostname="LAPTOP-E5USAVKI" failures="0" tests="4" name="TestNgprogram.Dependsonmethods" time="0.009" errors="0" timestamp="2023-09-24T14:45:01 IST" skipped="0">
  <testcase classname="TestNgprogram.Dependsonmethods" name="logout" time="0.001"/>
  <system-out/>
  <testcase classname="TestNgprogram.Dependsonmethods" name="homepage" time="0.001"/>
  <system-out/>
  <testcase classname="TestNgprogram.Dependsonmethods" name="l1ogin" time="0.006"/>
  <system-out/>
  <testcase classname="TestNgprogram.Dependsonmethods" name="login" time="0.001"/>
  <system-out/>
</testsuite> <!-- TestNgprogram.Dependsonmethods -->
