<?xml version="1.0" encoding="UTF-8"?>
<!-- Generated by org.testng.reporters.JUnitReportReporter -->
<testsuite hostname="LAPTOP-E5USAVKI" failures="0" tests="1" name="GroupTestNG.TC_03" time="18.283" errors="0" timestamp="2023-09-24T14:37:51 IST" skipped="0">
  <testcase classname="GroupTestNG.TC_03" name="batchexecute" time="18.283"/>
  <system-out/>
</testsuite> <!-- GroupTestNG.TC_03 -->
