<?xml version="1.0" encoding="UTF-8"?>
<!-- Generated by org.testng.reporters.JUnitReportReporter -->
<testsuite hostname="LAPTOP-E5USAVKI" failures="0" tests="1" name="GroupTestNG.TC_04" time="6.116" errors="0" timestamp="2023-09-24T14:39:05 IST" skipped="0">
  <testcase classname="GroupTestNG.TC_04" name="batchexecute" time="6.116"/>
  <system-out/>
</testsuite> <!-- GroupTestNG.TC_04 -->
