<?xml version="1.0" encoding="UTF-8"?>
<!-- Generated by org.testng.reporters.JUnitReportReporter -->
<testsuite hostname="LAPTOP-E5USAVKI" failures="0" tests="2" name="DataProvider.DataReadmethod2" time="31.193" errors="0" timestamp="2023-10-05T20:44:35 IST" skipped="0">
  <testcase classname="DataProvider.DataReadmethod2" name="Orange" time="17.718"/>
  <system-out/>
  <testcase classname="DataProvider.DataReadmethod2" name="Orange" time="13.475"/>
  <system-out/>
</testsuite> <!-- DataProvider.DataReadmethod2 -->
