<?xml version="1.0" encoding="UTF-8"?>
<!-- Generated by org.testng.reporters.JUnitReportReporter -->
<testsuite hostname="LAPTOP-E5USAVKI" failures="0" tests="6" name="TestNgprogram.InvocationCount" time="0.010" errors="0" timestamp="2023-09-24T14:47:04 IST" skipped="0">
  <testcase classname="TestNgprogram.InvocationCount" name="login" time="0.000"/>
  <system-out/>
  <testcase classname="TestNgprogram.InvocationCount" name="logout" time="0.001"/>
  <system-out/>
  <testcase classname="TestNgprogram.InvocationCount" name="logout" time="0.001"/>
  <system-out/>
  <testcase classname="TestNgprogram.InvocationCount" name="login" time="0.005"/>
  <system-out/>
  <testcase classname="TestNgprogram.InvocationCount" name="logout" time="0.002"/>
  <system-out/>
  <testcase classname="TestNgprogram.InvocationCount" name="homepage" time="0.001"/>
  <system-out/>
</testsuite> <!-- TestNgprogram.InvocationCount -->
